ARM GAS  C:\Users\Min\AppData\Local\Temp\ccaHA1gE.s 			page 1


   1              		.syntax unified
   2              		.cpu cortex-m0
   3              		.fpu softvfp
   4              		.eabi_attribute 20, 1
   5              		.eabi_attribute 21, 1
   6              		.eabi_attribute 23, 3
   7              		.eabi_attribute 24, 1
   8              		.eabi_attribute 25, 1
   9              		.eabi_attribute 26, 1
  10              		.eabi_attribute 30, 1
  11              		.eabi_attribute 34, 0
  12              		.eabi_attribute 18, 4
  13              		.thumb
  14              		.syntax unified
  15              		.file	"CAN_1_INT.c"
  16              		.text
  17              	.Ltext0:
  18              		.cfi_sections	.debug_frame
  19              		.section	.text.CAN_1_ISR,"ax",%progbits
  20              		.align	2
  21              		.global	CAN_1_ISR
  22              		.code	16
  23              		.thumb_func
  24              		.type	CAN_1_ISR, %function
  25              	CAN_1_ISR:
  26              	.LFB1:
  27              		.file 1 "Generated_Source\\PSoC4\\CAN_1_INT.c"
   1:Generated_Source\PSoC4/CAN_1_INT.c **** /*******************************************************************************
   2:Generated_Source\PSoC4/CAN_1_INT.c **** * File Name: CAN_1_INT.c
   3:Generated_Source\PSoC4/CAN_1_INT.c **** * Version 3.0
   4:Generated_Source\PSoC4/CAN_1_INT.c **** *
   5:Generated_Source\PSoC4/CAN_1_INT.c **** * Description:
   6:Generated_Source\PSoC4/CAN_1_INT.c **** *  This file contains Interrupt Service Routine (ISR) for CAN Component.
   7:Generated_Source\PSoC4/CAN_1_INT.c **** *  The Interrupt handlers functions are generated accordingly to the PSoC
   8:Generated_Source\PSoC4/CAN_1_INT.c **** *  Creator Customizer inputs.
   9:Generated_Source\PSoC4/CAN_1_INT.c **** *
  10:Generated_Source\PSoC4/CAN_1_INT.c **** * Note:
  11:Generated_Source\PSoC4/CAN_1_INT.c **** *  None
  12:Generated_Source\PSoC4/CAN_1_INT.c **** *
  13:Generated_Source\PSoC4/CAN_1_INT.c **** ********************************************************************************
  14:Generated_Source\PSoC4/CAN_1_INT.c **** * Copyright 2008-2015, Cypress Semiconductor Corporation.  All rights reserved.
  15:Generated_Source\PSoC4/CAN_1_INT.c **** * You may use this file only in accordance with the license, terms, conditions,
  16:Generated_Source\PSoC4/CAN_1_INT.c **** * disclaimers, and limitations in the end user license agreement accompanying
  17:Generated_Source\PSoC4/CAN_1_INT.c **** * the software package with which this file was provided.
  18:Generated_Source\PSoC4/CAN_1_INT.c **** *******************************************************************************/
  19:Generated_Source\PSoC4/CAN_1_INT.c **** 
  20:Generated_Source\PSoC4/CAN_1_INT.c **** #include "CAN_1.h"
  21:Generated_Source\PSoC4/CAN_1_INT.c **** #include "cyapicallbacks.h"
  22:Generated_Source\PSoC4/CAN_1_INT.c **** 
  23:Generated_Source\PSoC4/CAN_1_INT.c **** /* `#START CAN_INT_C_CODE_DEFINITION` */
  24:Generated_Source\PSoC4/CAN_1_INT.c **** 
  25:Generated_Source\PSoC4/CAN_1_INT.c **** /* `#END` */
  26:Generated_Source\PSoC4/CAN_1_INT.c **** 
  27:Generated_Source\PSoC4/CAN_1_INT.c **** 
  28:Generated_Source\PSoC4/CAN_1_INT.c **** /*******************************************************************************
  29:Generated_Source\PSoC4/CAN_1_INT.c **** * Function Name: CAN_1_ISR
  30:Generated_Source\PSoC4/CAN_1_INT.c **** ********************************************************************************
ARM GAS  C:\Users\Min\AppData\Local\Temp\ccaHA1gE.s 			page 2


  31:Generated_Source\PSoC4/CAN_1_INT.c **** *
  32:Generated_Source\PSoC4/CAN_1_INT.c **** * Summary:
  33:Generated_Source\PSoC4/CAN_1_INT.c **** *  This ISR is executed when CAN Core generates and interrupt on one of events:
  34:Generated_Source\PSoC4/CAN_1_INT.c **** *  Arb_lost, Overload, Bit_err, Stuff_err, Ack_err, Form_err, Crc_err,
  35:Generated_Source\PSoC4/CAN_1_INT.c **** *  Buss_off, Rx_msg_lost, Tx_msg or Rx_msg. The interrupt sources depends
  36:Generated_Source\PSoC4/CAN_1_INT.c **** *  on the Customizer inputs.
  37:Generated_Source\PSoC4/CAN_1_INT.c **** *
  38:Generated_Source\PSoC4/CAN_1_INT.c **** * Parameters:
  39:Generated_Source\PSoC4/CAN_1_INT.c **** *  None.
  40:Generated_Source\PSoC4/CAN_1_INT.c **** *
  41:Generated_Source\PSoC4/CAN_1_INT.c **** * Return:
  42:Generated_Source\PSoC4/CAN_1_INT.c **** *  None.
  43:Generated_Source\PSoC4/CAN_1_INT.c **** *
  44:Generated_Source\PSoC4/CAN_1_INT.c **** *******************************************************************************/
  45:Generated_Source\PSoC4/CAN_1_INT.c **** CY_ISR(CAN_1_ISR)
  46:Generated_Source\PSoC4/CAN_1_INT.c **** {
  28              		.loc 1 46 0
  29              		.cfi_startproc
  30              		@ args = 0, pretend = 0, frame = 0
  31              		@ frame_needed = 0, uses_anonymous_args = 0
  32              		@ link register save eliminated.
  47:Generated_Source\PSoC4/CAN_1_INT.c ****     #ifdef CAN_1_ISR_INTERRUPT_CALLBACK
  48:Generated_Source\PSoC4/CAN_1_INT.c ****         CAN_1_ISR_InterruptCallback();
  49:Generated_Source\PSoC4/CAN_1_INT.c ****     #endif /* CAN_1_ISR_INTERRUPT_CALLBACK */
  50:Generated_Source\PSoC4/CAN_1_INT.c ****     
  51:Generated_Source\PSoC4/CAN_1_INT.c ****     /* Place your Interrupt code here. */
  52:Generated_Source\PSoC4/CAN_1_INT.c ****     /* `#START CAN_ISR` */
  53:Generated_Source\PSoC4/CAN_1_INT.c **** 
  54:Generated_Source\PSoC4/CAN_1_INT.c ****     /* `#END` */
  55:Generated_Source\PSoC4/CAN_1_INT.c ****     
  56:Generated_Source\PSoC4/CAN_1_INT.c **** }
  33              		.loc 1 56 0
  34              		@ sp needed
  35 0000 7047     		bx	lr
  36              		.cfi_endproc
  37              	.LFE1:
  38              		.size	CAN_1_ISR, .-CAN_1_ISR
  39 0002 C046     		.text
  40              	.Letext0:
  41              		.section	.debug_info,"",%progbits
  42              	.Ldebug_info0:
  43 0000 9C000000 		.4byte	0x9c
  44 0004 0400     		.2byte	0x4
  45 0006 00000000 		.4byte	.Ldebug_abbrev0
  46 000a 04       		.byte	0x4
  47 000b 01       		.uleb128 0x1
  48 000c ED000000 		.4byte	.LASF14
  49 0010 0C       		.byte	0xc
  50 0011 6E000000 		.4byte	.LASF15
  51 0015 1B000000 		.4byte	.LASF16
  52 0019 00000000 		.4byte	.Ldebug_ranges0+0
  53 001d 00000000 		.4byte	0
  54 0021 00000000 		.4byte	.Ldebug_line0
  55 0025 02       		.uleb128 0x2
  56 0026 01       		.byte	0x1
  57 0027 06       		.byte	0x6
  58 0028 8E010000 		.4byte	.LASF0
ARM GAS  C:\Users\Min\AppData\Local\Temp\ccaHA1gE.s 			page 3


  59 002c 02       		.uleb128 0x2
  60 002d 01       		.byte	0x1
  61 002e 08       		.byte	0x8
  62 002f C0000000 		.4byte	.LASF1
  63 0033 02       		.uleb128 0x2
  64 0034 02       		.byte	0x2
  65 0035 05       		.byte	0x5
  66 0036 A6010000 		.4byte	.LASF2
  67 003a 02       		.uleb128 0x2
  68 003b 02       		.byte	0x2
  69 003c 07       		.byte	0x7
  70 003d 7B010000 		.4byte	.LASF3
  71 0041 02       		.uleb128 0x2
  72 0042 04       		.byte	0x4
  73 0043 05       		.byte	0x5
  74 0044 D3000000 		.4byte	.LASF4
  75 0048 02       		.uleb128 0x2
  76 0049 04       		.byte	0x4
  77 004a 07       		.byte	0x7
  78 004b 91000000 		.4byte	.LASF5
  79 004f 02       		.uleb128 0x2
  80 0050 08       		.byte	0x8
  81 0051 05       		.byte	0x5
  82 0052 00000000 		.4byte	.LASF6
  83 0056 02       		.uleb128 0x2
  84 0057 08       		.byte	0x8
  85 0058 07       		.byte	0x7
  86 0059 A3000000 		.4byte	.LASF7
  87 005d 03       		.uleb128 0x3
  88 005e 04       		.byte	0x4
  89 005f 05       		.byte	0x5
  90 0060 696E7400 		.ascii	"int\000"
  91 0064 02       		.uleb128 0x2
  92 0065 04       		.byte	0x4
  93 0066 07       		.byte	0x7
  94 0067 0E000000 		.4byte	.LASF8
  95 006b 02       		.uleb128 0x2
  96 006c 04       		.byte	0x4
  97 006d 04       		.byte	0x4
  98 006e BA000000 		.4byte	.LASF9
  99 0072 02       		.uleb128 0x2
 100 0073 08       		.byte	0x8
 101 0074 04       		.byte	0x4
 102 0075 DC000000 		.4byte	.LASF10
 103 0079 02       		.uleb128 0x2
 104 007a 01       		.byte	0x1
 105 007b 08       		.byte	0x8
 106 007c CE000000 		.4byte	.LASF11
 107 0080 02       		.uleb128 0x2
 108 0081 08       		.byte	0x8
 109 0082 04       		.byte	0x4
 110 0083 9A010000 		.4byte	.LASF12
 111 0087 02       		.uleb128 0x2
 112 0088 04       		.byte	0x4
 113 0089 07       		.byte	0x7
 114 008a B0010000 		.4byte	.LASF13
 115 008e 04       		.uleb128 0x4
ARM GAS  C:\Users\Min\AppData\Local\Temp\ccaHA1gE.s 			page 4


 116 008f E3000000 		.4byte	.LASF17
 117 0093 01       		.byte	0x1
 118 0094 2D       		.byte	0x2d
 119 0095 00000000 		.4byte	.LFB1
 120 0099 02000000 		.4byte	.LFE1-.LFB1
 121 009d 01       		.uleb128 0x1
 122 009e 9C       		.byte	0x9c
 123 009f 00       		.byte	0
 124              		.section	.debug_abbrev,"",%progbits
 125              	.Ldebug_abbrev0:
 126 0000 01       		.uleb128 0x1
 127 0001 11       		.uleb128 0x11
 128 0002 01       		.byte	0x1
 129 0003 25       		.uleb128 0x25
 130 0004 0E       		.uleb128 0xe
 131 0005 13       		.uleb128 0x13
 132 0006 0B       		.uleb128 0xb
 133 0007 03       		.uleb128 0x3
 134 0008 0E       		.uleb128 0xe
 135 0009 1B       		.uleb128 0x1b
 136 000a 0E       		.uleb128 0xe
 137 000b 55       		.uleb128 0x55
 138 000c 17       		.uleb128 0x17
 139 000d 11       		.uleb128 0x11
 140 000e 01       		.uleb128 0x1
 141 000f 10       		.uleb128 0x10
 142 0010 17       		.uleb128 0x17
 143 0011 00       		.byte	0
 144 0012 00       		.byte	0
 145 0013 02       		.uleb128 0x2
 146 0014 24       		.uleb128 0x24
 147 0015 00       		.byte	0
 148 0016 0B       		.uleb128 0xb
 149 0017 0B       		.uleb128 0xb
 150 0018 3E       		.uleb128 0x3e
 151 0019 0B       		.uleb128 0xb
 152 001a 03       		.uleb128 0x3
 153 001b 0E       		.uleb128 0xe
 154 001c 00       		.byte	0
 155 001d 00       		.byte	0
 156 001e 03       		.uleb128 0x3
 157 001f 24       		.uleb128 0x24
 158 0020 00       		.byte	0
 159 0021 0B       		.uleb128 0xb
 160 0022 0B       		.uleb128 0xb
 161 0023 3E       		.uleb128 0x3e
 162 0024 0B       		.uleb128 0xb
 163 0025 03       		.uleb128 0x3
 164 0026 08       		.uleb128 0x8
 165 0027 00       		.byte	0
 166 0028 00       		.byte	0
 167 0029 04       		.uleb128 0x4
 168 002a 2E       		.uleb128 0x2e
 169 002b 00       		.byte	0
 170 002c 3F       		.uleb128 0x3f
 171 002d 19       		.uleb128 0x19
 172 002e 03       		.uleb128 0x3
ARM GAS  C:\Users\Min\AppData\Local\Temp\ccaHA1gE.s 			page 5


 173 002f 0E       		.uleb128 0xe
 174 0030 3A       		.uleb128 0x3a
 175 0031 0B       		.uleb128 0xb
 176 0032 3B       		.uleb128 0x3b
 177 0033 0B       		.uleb128 0xb
 178 0034 27       		.uleb128 0x27
 179 0035 19       		.uleb128 0x19
 180 0036 11       		.uleb128 0x11
 181 0037 01       		.uleb128 0x1
 182 0038 12       		.uleb128 0x12
 183 0039 06       		.uleb128 0x6
 184 003a 40       		.uleb128 0x40
 185 003b 18       		.uleb128 0x18
 186 003c 9742     		.uleb128 0x2117
 187 003e 19       		.uleb128 0x19
 188 003f 00       		.byte	0
 189 0040 00       		.byte	0
 190 0041 00       		.byte	0
 191              		.section	.debug_aranges,"",%progbits
 192 0000 1C000000 		.4byte	0x1c
 193 0004 0200     		.2byte	0x2
 194 0006 00000000 		.4byte	.Ldebug_info0
 195 000a 04       		.byte	0x4
 196 000b 00       		.byte	0
 197 000c 0000     		.2byte	0
 198 000e 0000     		.2byte	0
 199 0010 00000000 		.4byte	.LFB1
 200 0014 02000000 		.4byte	.LFE1-.LFB1
 201 0018 00000000 		.4byte	0
 202 001c 00000000 		.4byte	0
 203              		.section	.debug_ranges,"",%progbits
 204              	.Ldebug_ranges0:
 205 0000 00000000 		.4byte	.LFB1
 206 0004 02000000 		.4byte	.LFE1
 207 0008 00000000 		.4byte	0
 208 000c 00000000 		.4byte	0
 209              		.section	.debug_line,"",%progbits
 210              	.Ldebug_line0:
 211 0000 51000000 		.section	.debug_str,"MS",%progbits,1
 211      02003900 
 211      00000201 
 211      FB0E0D00 
 211      01010101 
 212              	.LASF6:
 213 0000 6C6F6E67 		.ascii	"long long int\000"
 213      206C6F6E 
 213      6720696E 
 213      7400
 214              	.LASF8:
 215 000e 756E7369 		.ascii	"unsigned int\000"
 215      676E6564 
 215      20696E74 
 215      00
 216              	.LASF16:
 217 001b 433A5C55 		.ascii	"C:\\Users\\Min\\Documents\\PSoC Creator\\GPS_IMU\\G"
 217      73657273 
 217      5C4D696E 
ARM GAS  C:\Users\Min\AppData\Local\Temp\ccaHA1gE.s 			page 6


 217      5C446F63 
 217      756D656E 
 218 0048 50532D52 		.ascii	"PS-RTK_IMU_Board_PY2023\\GPS_IMU.cydsn\000"
 218      544B5F49 
 218      4D555F42 
 218      6F617264 
 218      5F505932 
 219              	.LASF15:
 220 006e 47656E65 		.ascii	"Generated_Source\\PSoC4\\CAN_1_INT.c\000"
 220      72617465 
 220      645F536F 
 220      75726365 
 220      5C50536F 
 221              	.LASF5:
 222 0091 6C6F6E67 		.ascii	"long unsigned int\000"
 222      20756E73 
 222      69676E65 
 222      6420696E 
 222      7400
 223              	.LASF7:
 224 00a3 6C6F6E67 		.ascii	"long long unsigned int\000"
 224      206C6F6E 
 224      6720756E 
 224      7369676E 
 224      65642069 
 225              	.LASF9:
 226 00ba 666C6F61 		.ascii	"float\000"
 226      7400
 227              	.LASF1:
 228 00c0 756E7369 		.ascii	"unsigned char\000"
 228      676E6564 
 228      20636861 
 228      7200
 229              	.LASF11:
 230 00ce 63686172 		.ascii	"char\000"
 230      00
 231              	.LASF4:
 232 00d3 6C6F6E67 		.ascii	"long int\000"
 232      20696E74 
 232      00
 233              	.LASF10:
 234 00dc 646F7562 		.ascii	"double\000"
 234      6C6500
 235              	.LASF17:
 236 00e3 43414E5F 		.ascii	"CAN_1_ISR\000"
 236      315F4953 
 236      5200
 237              	.LASF14:
 238 00ed 474E5520 		.ascii	"GNU C11 5.4.1 20160609 (release) [ARM/embedded-5-br"
 238      43313120 
 238      352E342E 
 238      31203230 
 238      31363036 
 239 0120 616E6368 		.ascii	"anch revision 237715] -mcpu=cortex-m0 -mthumb -g -O"
 239      20726576 
 239      6973696F 
 239      6E203233 
ARM GAS  C:\Users\Min\AppData\Local\Temp\ccaHA1gE.s 			page 7


 239      37373135 
 240 0153 67202D66 		.ascii	"g -ffunction-sections -ffat-lto-objects\000"
 240      66756E63 
 240      74696F6E 
 240      2D736563 
 240      74696F6E 
 241              	.LASF3:
 242 017b 73686F72 		.ascii	"short unsigned int\000"
 242      7420756E 
 242      7369676E 
 242      65642069 
 242      6E7400
 243              	.LASF0:
 244 018e 7369676E 		.ascii	"signed char\000"
 244      65642063 
 244      68617200 
 245              	.LASF12:
 246 019a 6C6F6E67 		.ascii	"long double\000"
 246      20646F75 
 246      626C6500 
 247              	.LASF2:
 248 01a6 73686F72 		.ascii	"short int\000"
 248      7420696E 
 248      7400
 249              	.LASF13:
 250 01b0 73697A65 		.ascii	"sizetype\000"
 250      74797065 
 250      00
 251              		.ident	"GCC: (GNU Tools for ARM Embedded Processors) 5.4.1 20160609 (release) [ARM/embedded-5-bran
