ARM GAS  C:\Users\Min\AppData\Local\Temp\ccKzU4r7.s 			page 1


   1              		.syntax unified
   2              		.cpu cortex-m0
   3              		.fpu softvfp
   4              		.eabi_attribute 20, 1
   5              		.eabi_attribute 21, 1
   6              		.eabi_attribute 23, 3
   7              		.eabi_attribute 24, 1
   8              		.eabi_attribute 25, 1
   9              		.eabi_attribute 26, 1
  10              		.eabi_attribute 30, 1
  11              		.eabi_attribute 34, 0
  12              		.eabi_attribute 18, 4
  13              		.thumb
  14              		.syntax unified
  15              		.file	"IMU.c"
  16              		.text
  17              	.Ltext0:
  18              		.cfi_sections	.debug_frame
  19              		.section	.text.main,"ax",%progbits
  20              		.align	2
  21              		.global	main
  22              		.code	16
  23              		.thumb_func
  24              		.type	main, %function
  25              	main:
  26              	.LFB35:
  27              		.file 1 "IMU.c"
   1:IMU.c         **** /* ========================================
   2:IMU.c         ****  *
   3:IMU.c         ****  * Copyright YOUR COMPANY, THE YEAR
   4:IMU.c         ****  * All Rights Reserved
   5:IMU.c         ****  * UNPUBLISHED, LICENSED SOFTWARE.
   6:IMU.c         ****  *
   7:IMU.c         ****  * CONFIDENTIAL AND PROPRIETARY INFORMATION
   8:IMU.c         ****  * WHICH IS THE PROPERTY OF your company.
   9:IMU.c         ****  *
  10:IMU.c         ****  * ========================================
  11:IMU.c         **** */
  12:IMU.c         **** #include "project.h"
  13:IMU.c         **** #include "main.h"
  14:IMU.c         **** 
  15:IMU.c         **** int main(void)
  16:IMU.c         **** {
  28              		.loc 1 16 0
  29              		.cfi_startproc
  30              		@ Volatile: function does not return.
  31              		@ args = 0, pretend = 0, frame = 0
  32              		@ frame_needed = 0, uses_anonymous_args = 0
  33 0000 10B5     		push	{r4, lr}
  34              		.cfi_def_cfa_offset 8
  35              		.cfi_offset 4, -8
  36              		.cfi_offset 14, -4
  17:IMU.c         ****     CyGlobalIntEnable; /* Enable global interrupts. */
  37              		.loc 1 17 0
  38              		.syntax divided
  39              	@ 17 "IMU.c" 1
  40 0002 62B6     		CPSIE   i
ARM GAS  C:\Users\Min\AppData\Local\Temp\ccKzU4r7.s 			page 2


  41              	@ 0 "" 2
  42              		.thumb
  43              		.syntax unified
  44              	.L3:
  18:IMU.c         **** 
  19:IMU.c         ****     /* Place your initialization/startup code here (e.g. MyInst_Start()) */
  20:IMU.c         ****     
  21:IMU.c         **** 
  22:IMU.c         ****     for(;;)
  23:IMU.c         ****     {
  24:IMU.c         ****         /* Place your application code here. */
  25:IMU.c         ****         // this is already fully functional for the GPS?
  26:IMU.c         ****         switch(state)
  45              		.loc 1 26 0
  46 0004 3F4B     		ldr	r3, .L16
  47 0006 1A68     		ldr	r2, [r3]
  48 0008 072A     		cmp	r2, #7
  49 000a FBD8     		bhi	.L3
  50 000c 9300     		lsls	r3, r2, #2
  51 000e 3E4A     		ldr	r2, .L16+4
  52 0010 D358     		ldr	r3, [r2, r3]
  53 0012 9F46     		mov	pc, r3
  54              		.section	.rodata
  55              		.align	2
  56              	.L5:
  57 0000 04000000 		.word	.L3
  58 0004 04000000 		.word	.L3
  59 0008 30000000 		.word	.L4
  60 000c 14000000 		.word	.L6
  61 0010 84000000 		.word	.L7
  62 0014 4C000000 		.word	.L8
  63 0018 68000000 		.word	.L9
  64 001c A0000000 		.word	.L10
  65              		.section	.text.main
  66              	.L6:
  27:IMU.c         ****         {
  28:IMU.c         ****             case(PULL_ACC):
  29:IMU.c         ****                 AssembleTelemetryPullPacket(&send, DEVICE_GROUP_TELEMETRY, DEVICE_SERIAL_TELEM_LOCA
  67              		.loc 1 29 0
  68 0014 3D4C     		ldr	r4, .L16+8
  69 0016 0723     		movs	r3, #7
  70 0018 0122     		movs	r2, #1
  71 001a 0521     		movs	r1, #5
  72 001c 2000     		movs	r0, r4
  73 001e FFF7FEFF 		bl	AssembleTelemetryPullPacket
  74              	.LVL0:
  30:IMU.c         ****                 SendCANPacket( &send );
  75              		.loc 1 30 0
  76 0022 2000     		movs	r0, r4
  77 0024 FFF7FEFF 		bl	SendCANPacket
  78              	.LVL1:
  31:IMU.c         ****                 state = WAIT;
  79              		.loc 1 31 0
  80 0028 0722     		movs	r2, #7
  81 002a 364B     		ldr	r3, .L16
  82 002c 1A60     		str	r2, [r3]
  32:IMU.c         ****                 break;
ARM GAS  C:\Users\Min\AppData\Local\Temp\ccKzU4r7.s 			page 3


  83              		.loc 1 32 0
  84 002e E9E7     		b	.L3
  85              	.L4:
  33:IMU.c         ****                 
  34:IMU.c         ****             case(PULL_ANGVEL):
  35:IMU.c         ****                 AssembleTelemetryPullPacket(&send, DEVICE_GROUP_TELEMETRY, DEVICE_SERIAL_TELEM_LOCA
  86              		.loc 1 35 0
  87 0030 364C     		ldr	r4, .L16+8
  88 0032 0823     		movs	r3, #8
  89 0034 0122     		movs	r2, #1
  90 0036 0521     		movs	r1, #5
  91 0038 2000     		movs	r0, r4
  92 003a FFF7FEFF 		bl	AssembleTelemetryPullPacket
  93              	.LVL2:
  36:IMU.c         ****                 SendCANPacket( &send );
  94              		.loc 1 36 0
  95 003e 2000     		movs	r0, r4
  96 0040 FFF7FEFF 		bl	SendCANPacket
  97              	.LVL3:
  37:IMU.c         ****                 state = WAIT;
  98              		.loc 1 37 0
  99 0044 0722     		movs	r2, #7
 100 0046 2F4B     		ldr	r3, .L16
 101 0048 1A60     		str	r2, [r3]
  38:IMU.c         ****                 break;
 102              		.loc 1 38 0
 103 004a DBE7     		b	.L3
 104              	.L8:
  39:IMU.c         ****             case(PULL_MAGF):
  40:IMU.c         ****                 AssembleTelemetryPullPacket(&send, DEVICE_GROUP_TELEMETRY, DEVICE_SERIAL_TELEM_LOCA
 105              		.loc 1 40 0
 106 004c 2F4C     		ldr	r4, .L16+8
 107 004e 1023     		movs	r3, #16
 108 0050 0122     		movs	r2, #1
 109 0052 0521     		movs	r1, #5
 110 0054 2000     		movs	r0, r4
 111 0056 FFF7FEFF 		bl	AssembleTelemetryPullPacket
 112              	.LVL4:
  41:IMU.c         ****                 SendCANPacket( &send) ;
 113              		.loc 1 41 0
 114 005a 2000     		movs	r0, r4
 115 005c FFF7FEFF 		bl	SendCANPacket
 116              	.LVL5:
  42:IMU.c         ****                 state = WAIT;
 117              		.loc 1 42 0
 118 0060 0722     		movs	r2, #7
 119 0062 284B     		ldr	r3, .L16
 120 0064 1A60     		str	r2, [r3]
  43:IMU.c         ****                 break;
 121              		.loc 1 43 0
 122 0066 CDE7     		b	.L3
 123              	.L9:
  44:IMU.c         ****             case(PULL_TEMP):
  45:IMU.c         ****                 AssembleTelemetryPullPacket(&send, DEVICE_GROUP_TELEMETRY, DEVICE_SERIAL_TELEM_LOCA
 124              		.loc 1 45 0
 125 0068 284C     		ldr	r4, .L16+8
 126 006a 0A23     		movs	r3, #10
ARM GAS  C:\Users\Min\AppData\Local\Temp\ccKzU4r7.s 			page 4


 127 006c 0122     		movs	r2, #1
 128 006e 0521     		movs	r1, #5
 129 0070 2000     		movs	r0, r4
 130 0072 FFF7FEFF 		bl	AssembleTelemetryPullPacket
 131              	.LVL6:
  46:IMU.c         ****                 SendCANPacket( &send) ;
 132              		.loc 1 46 0
 133 0076 2000     		movs	r0, r4
 134 0078 FFF7FEFF 		bl	SendCANPacket
 135              	.LVL7:
  47:IMU.c         ****                 state = WAIT;
 136              		.loc 1 47 0
 137 007c 0722     		movs	r2, #7
 138 007e 214B     		ldr	r3, .L16
 139 0080 1A60     		str	r2, [r3]
  48:IMU.c         ****                 break;                
 140              		.loc 1 48 0
 141 0082 BFE7     		b	.L3
 142              	.L7:
  49:IMU.c         ****             case(PULL_VEL):
  50:IMU.c         ****                 AssembleTelemetryPullPacket(&send, DEVICE_GROUP_TELEMETRY, DEVICE_SERIAL_TELEM_LOCA
 143              		.loc 1 50 0
 144 0084 214C     		ldr	r4, .L16+8
 145 0086 0923     		movs	r3, #9
 146 0088 0122     		movs	r2, #1
 147 008a 0521     		movs	r1, #5
 148 008c 2000     		movs	r0, r4
 149 008e FFF7FEFF 		bl	AssembleTelemetryPullPacket
 150              	.LVL8:
  51:IMU.c         ****                 SendCANPacket( &send) ;
 151              		.loc 1 51 0
 152 0092 2000     		movs	r0, r4
 153 0094 FFF7FEFF 		bl	SendCANPacket
 154              	.LVL9:
  52:IMU.c         ****                 state = WAIT;
 155              		.loc 1 52 0
 156 0098 0722     		movs	r2, #7
 157 009a 1A4B     		ldr	r3, .L16
 158 009c 1A60     		str	r2, [r3]
  53:IMU.c         ****                 break;
 159              		.loc 1 53 0
 160 009e B1E7     		b	.L3
 161              	.L10:
  54:IMU.c         ****                 
  55:IMU.c         ****             case(WAIT):
  56:IMU.c         ****                 if (PollAndReceiveCANPacket( &receive ) == ERROR_NONE)
 162              		.loc 1 56 0
 163 00a0 1B48     		ldr	r0, .L16+12
 164 00a2 FFF7FEFF 		bl	PollAndReceiveCANPacket
 165              	.LVL10:
 166 00a6 0028     		cmp	r0, #0
 167 00a8 ACD1     		bne	.L3
  57:IMU.c         ****                 {
  58:IMU.c         ****                     //Print("Packet Found!\r\n");
  59:IMU.c         ****                     if (DecodeTelemetryType( &receive ) == IMU_ACC)
 168              		.loc 1 59 0
 169 00aa 1948     		ldr	r0, .L16+12
ARM GAS  C:\Users\Min\AppData\Local\Temp\ccKzU4r7.s 			page 5


 170 00ac FFF7FEFF 		bl	DecodeTelemetryType
 171              	.LVL11:
 172 00b0 0728     		cmp	r0, #7
 173 00b2 03D1     		bne	.L12
  60:IMU.c         ****                     {
  61:IMU.c         ****                         /*
  62:IMU.c         ****                         Print("LONGITUDE: ");
  63:IMU.c         ****                         PrintInt(DecodeTelemetryDataSigned( &receive ));
  64:IMU.c         ****                         Print("\r\n\r\n");
  65:IMU.c         ****                         */
  66:IMU.c         ****                         state = PULL_ACC;
 174              		.loc 1 66 0
 175 00b4 0322     		movs	r2, #3
 176 00b6 134B     		ldr	r3, .L16
 177 00b8 1A60     		str	r2, [r3]
 178 00ba A3E7     		b	.L3
 179              	.L12:
  67:IMU.c         ****                     }
  68:IMU.c         ****                     else if (DecodeTelemetryType ( &receive ) == IMU_ANGVEL)
 180              		.loc 1 68 0
 181 00bc 1448     		ldr	r0, .L16+12
 182 00be FFF7FEFF 		bl	DecodeTelemetryType
 183              	.LVL12:
 184 00c2 0828     		cmp	r0, #8
 185 00c4 03D1     		bne	.L13
  69:IMU.c         ****                     {
  70:IMU.c         ****                         /*
  71:IMU.c         ****                         Print("LATITUDE: ");
  72:IMU.c         ****                         PrintInt(DecodeTelemetryDataSigned( &receive ));
  73:IMU.c         ****                         Print("\r\n");
  74:IMU.c         ****                         */
  75:IMU.c         ****                         state = PULL_ANGVEL;
 186              		.loc 1 75 0
 187 00c6 0222     		movs	r2, #2
 188 00c8 0E4B     		ldr	r3, .L16
 189 00ca 1A60     		str	r2, [r3]
 190 00cc 9AE7     		b	.L3
 191              	.L13:
  76:IMU.c         ****                     }
  77:IMU.c         ****                     else if (DecodeTelemetryType ( &receive ) == IMU_MAGF)
 192              		.loc 1 77 0
 193 00ce 1048     		ldr	r0, .L16+12
 194 00d0 FFF7FEFF 		bl	DecodeTelemetryType
 195              	.LVL13:
 196 00d4 1028     		cmp	r0, #16
 197 00d6 03D1     		bne	.L14
  78:IMU.c         ****                     {
  79:IMU.c         ****                         /*
  80:IMU.c         ****                         Print("LATITUDE: ");
  81:IMU.c         ****                         PrintInt(DecodeTelemetryDataSigned( &receive ));
  82:IMU.c         ****                         Print("\r\n");
  83:IMU.c         ****                         */
  84:IMU.c         ****                         state = PULL_MAGF;
 198              		.loc 1 84 0
 199 00d8 0522     		movs	r2, #5
 200 00da 0A4B     		ldr	r3, .L16
 201 00dc 1A60     		str	r2, [r3]
ARM GAS  C:\Users\Min\AppData\Local\Temp\ccKzU4r7.s 			page 6


 202 00de 91E7     		b	.L3
 203              	.L14:
  85:IMU.c         ****                     }
  86:IMU.c         ****                     else if (DecodeTelemetryType ( &receive ) == IMU_TEMP)
 204              		.loc 1 86 0
 205 00e0 0B48     		ldr	r0, .L16+12
 206 00e2 FFF7FEFF 		bl	DecodeTelemetryType
 207              	.LVL14:
 208 00e6 0A28     		cmp	r0, #10
 209 00e8 03D1     		bne	.L15
  87:IMU.c         ****                     {
  88:IMU.c         ****                         /*
  89:IMU.c         ****                         Print("LATITUDE: ");
  90:IMU.c         ****                         PrintInt(DecodeTelemetryDataSigned( &receive ));
  91:IMU.c         ****                         Print("\r\n");
  92:IMU.c         ****                         */
  93:IMU.c         ****                         state = PULL_TEMP;
 210              		.loc 1 93 0
 211 00ea 0622     		movs	r2, #6
 212 00ec 054B     		ldr	r3, .L16
 213 00ee 1A60     		str	r2, [r3]
 214 00f0 88E7     		b	.L3
 215              	.L15:
  94:IMU.c         ****                     }
  95:IMU.c         ****                     else if (DecodeTelemetryType ( &receive ) == IMU_VEL)
 216              		.loc 1 95 0
 217 00f2 0748     		ldr	r0, .L16+12
 218 00f4 FFF7FEFF 		bl	DecodeTelemetryType
 219              	.LVL15:
 220 00f8 0928     		cmp	r0, #9
 221 00fa 83D1     		bne	.L3
  96:IMU.c         ****                     {
  97:IMU.c         ****                         /*
  98:IMU.c         ****                         Print("LATITUDE: ");
  99:IMU.c         ****                         PrintInt(DecodeTelemetryDataSigned( &receive ));
 100:IMU.c         ****                         Print("\r\n");
 101:IMU.c         ****                         */
 102:IMU.c         ****                         state = PULL_VEL;
 222              		.loc 1 102 0
 223 00fc 0422     		movs	r2, #4
 224 00fe 014B     		ldr	r3, .L16
 225 0100 1A60     		str	r2, [r3]
 226 0102 7FE7     		b	.L3
 227              	.L17:
 228              		.align	2
 229              	.L16:
 230 0104 00000000 		.word	state
 231 0108 00000000 		.word	.L5
 232 010c 00000000 		.word	send
 233 0110 00000000 		.word	receive
 234              		.cfi_endproc
 235              	.LFE35:
 236              		.size	main, .-main
 237              		.comm	txData,4,4
 238              		.comm	state,4,4
 239              		.comm	receive,12,4
 240              		.comm	send,12,4
ARM GAS  C:\Users\Min\AppData\Local\Temp\ccKzU4r7.s 			page 7


 241              		.comm	debugOutput,32,4
 242              		.text
 243              	.Letext0:
 244              		.file 2 "c:\\program files (x86)\\cypress\\psoc creator\\4.4\\psoc creator\\import\\gnu\\arm\\5.4.
 245              		.file 3 "c:\\program files (x86)\\cypress\\psoc creator\\4.4\\psoc creator\\import\\gnu\\arm\\5.4.
 246              		.file 4 ".\\HindsightCAN/CANPacket.h"
 247              		.file 5 "main.h"
 248              		.file 6 ".\\HindsightCAN/CANCommon.h"
 249              		.file 7 ".\\HindsightCAN/Port.h"
 250              		.section	.debug_info,"",%progbits
 251              	.Ldebug_info0:
 252 0000 52030000 		.4byte	0x352
 253 0004 0400     		.2byte	0x4
 254 0006 00000000 		.4byte	.Ldebug_abbrev0
 255 000a 04       		.byte	0x4
 256 000b 01       		.uleb128 0x1
 257 000c 37010000 		.4byte	.LASF29
 258 0010 0C       		.byte	0xc
 259 0011 00010000 		.4byte	.LASF30
 260 0015 8C000000 		.4byte	.LASF31
 261 0019 00000000 		.4byte	.Ldebug_ranges0+0
 262 001d 00000000 		.4byte	0
 263 0021 00000000 		.4byte	.Ldebug_line0
 264 0025 02       		.uleb128 0x2
 265 0026 01       		.byte	0x1
 266 0027 06       		.byte	0x6
 267 0028 1C020000 		.4byte	.LASF0
 268 002c 03       		.uleb128 0x3
 269 002d 00000000 		.4byte	.LASF3
 270 0031 02       		.byte	0x2
 271 0032 1D       		.byte	0x1d
 272 0033 37000000 		.4byte	0x37
 273 0037 02       		.uleb128 0x2
 274 0038 01       		.byte	0x1
 275 0039 08       		.byte	0x8
 276 003a 59000000 		.4byte	.LASF1
 277 003e 02       		.uleb128 0x2
 278 003f 02       		.byte	0x2
 279 0040 05       		.byte	0x5
 280 0041 F1000000 		.4byte	.LASF2
 281 0045 03       		.uleb128 0x3
 282 0046 DF000000 		.4byte	.LASF4
 283 004a 02       		.byte	0x2
 284 004b 2B       		.byte	0x2b
 285 004c 50000000 		.4byte	0x50
 286 0050 02       		.uleb128 0x2
 287 0051 02       		.byte	0x2
 288 0052 07       		.byte	0x7
 289 0053 79000000 		.4byte	.LASF5
 290 0057 02       		.uleb128 0x2
 291 0058 04       		.byte	0x4
 292 0059 05       		.byte	0x5
 293 005a 17000000 		.4byte	.LASF6
 294 005e 02       		.uleb128 0x2
 295 005f 04       		.byte	0x4
 296 0060 07       		.byte	0x7
 297 0061 67000000 		.4byte	.LASF7
ARM GAS  C:\Users\Min\AppData\Local\Temp\ccKzU4r7.s 			page 8


 298 0065 02       		.uleb128 0x2
 299 0066 08       		.byte	0x8
 300 0067 05       		.byte	0x5
 301 0068 D8010000 		.4byte	.LASF8
 302 006c 02       		.uleb128 0x2
 303 006d 08       		.byte	0x8
 304 006e 07       		.byte	0x7
 305 006f 18010000 		.4byte	.LASF9
 306 0073 04       		.uleb128 0x4
 307 0074 04       		.byte	0x4
 308 0075 05       		.byte	0x5
 309 0076 696E7400 		.ascii	"int\000"
 310 007a 02       		.uleb128 0x2
 311 007b 04       		.byte	0x4
 312 007c 07       		.byte	0x7
 313 007d 06010000 		.4byte	.LASF10
 314 0081 03       		.uleb128 0x3
 315 0082 2F010000 		.4byte	.LASF11
 316 0086 03       		.byte	0x3
 317 0087 18       		.byte	0x18
 318 0088 2C000000 		.4byte	0x2c
 319 008c 03       		.uleb128 0x3
 320 008d EB010000 		.4byte	.LASF12
 321 0091 03       		.byte	0x3
 322 0092 24       		.byte	0x24
 323 0093 45000000 		.4byte	0x45
 324 0097 02       		.uleb128 0x2
 325 0098 04       		.byte	0x4
 326 0099 04       		.byte	0x4
 327 009a 40000000 		.4byte	.LASF13
 328 009e 02       		.uleb128 0x2
 329 009f 08       		.byte	0x8
 330 00a0 04       		.byte	0x4
 331 00a1 EA000000 		.4byte	.LASF14
 332 00a5 02       		.uleb128 0x2
 333 00a6 01       		.byte	0x1
 334 00a7 08       		.byte	0x8
 335 00a8 E6010000 		.4byte	.LASF15
 336 00ac 02       		.uleb128 0x2
 337 00ad 08       		.byte	0x8
 338 00ae 04       		.byte	0x4
 339 00af 10020000 		.4byte	.LASF16
 340 00b3 02       		.uleb128 0x2
 341 00b4 04       		.byte	0x4
 342 00b5 07       		.byte	0x7
 343 00b6 CF010000 		.4byte	.LASF17
 344 00ba 05       		.uleb128 0x5
 345 00bb 0C       		.byte	0xc
 346 00bc 04       		.byte	0x4
 347 00bd 0F       		.byte	0xf
 348 00be E6000000 		.4byte	0xe6
 349 00c2 06       		.uleb128 0x6
 350 00c3 696400   		.ascii	"id\000"
 351 00c6 04       		.byte	0x4
 352 00c7 11       		.byte	0x11
 353 00c8 8C000000 		.4byte	0x8c
 354 00cc 00       		.byte	0
ARM GAS  C:\Users\Min\AppData\Local\Temp\ccKzU4r7.s 			page 9


 355 00cd 06       		.uleb128 0x6
 356 00ce 646C6300 		.ascii	"dlc\000"
 357 00d2 04       		.byte	0x4
 358 00d3 12       		.byte	0x12
 359 00d4 81000000 		.4byte	0x81
 360 00d8 02       		.byte	0x2
 361 00d9 07       		.uleb128 0x7
 362 00da 46000000 		.4byte	.LASF18
 363 00de 04       		.byte	0x4
 364 00df 13       		.byte	0x13
 365 00e0 E6000000 		.4byte	0xe6
 366 00e4 03       		.byte	0x3
 367 00e5 00       		.byte	0
 368 00e6 08       		.uleb128 0x8
 369 00e7 81000000 		.4byte	0x81
 370 00eb F6000000 		.4byte	0xf6
 371 00ef 09       		.uleb128 0x9
 372 00f0 B3000000 		.4byte	0xb3
 373 00f4 07       		.byte	0x7
 374 00f5 00       		.byte	0
 375 00f6 03       		.uleb128 0x3
 376 00f7 C5010000 		.4byte	.LASF19
 377 00fb 04       		.byte	0x4
 378 00fc 14       		.byte	0x14
 379 00fd BA000000 		.4byte	0xba
 380 0101 0A       		.uleb128 0xa
 381 0102 FB000000 		.4byte	.LASF32
 382 0106 01       		.byte	0x1
 383 0107 0F       		.byte	0xf
 384 0108 73000000 		.4byte	0x73
 385 010c 00000000 		.4byte	.LFB35
 386 0110 14010000 		.4byte	.LFE35-.LFB35
 387 0114 01       		.uleb128 0x1
 388 0115 9C       		.byte	0x9c
 389 0116 B4020000 		.4byte	0x2b4
 390 011a 0B       		.uleb128 0xb
 391 011b 22000000 		.4byte	.LVL0
 392 011f 29030000 		.4byte	0x329
 393 0123 3D010000 		.4byte	0x13d
 394 0127 0C       		.uleb128 0xc
 395 0128 01       		.uleb128 0x1
 396 0129 50       		.byte	0x50
 397 012a 02       		.uleb128 0x2
 398 012b 74       		.byte	0x74
 399 012c 00       		.sleb128 0
 400 012d 0C       		.uleb128 0xc
 401 012e 01       		.uleb128 0x1
 402 012f 51       		.byte	0x51
 403 0130 01       		.uleb128 0x1
 404 0131 35       		.byte	0x35
 405 0132 0C       		.uleb128 0xc
 406 0133 01       		.uleb128 0x1
 407 0134 52       		.byte	0x52
 408 0135 01       		.uleb128 0x1
 409 0136 31       		.byte	0x31
 410 0137 0C       		.uleb128 0xc
 411 0138 01       		.uleb128 0x1
ARM GAS  C:\Users\Min\AppData\Local\Temp\ccKzU4r7.s 			page 10


 412 0139 53       		.byte	0x53
 413 013a 01       		.uleb128 0x1
 414 013b 37       		.byte	0x37
 415 013c 00       		.byte	0
 416 013d 0B       		.uleb128 0xb
 417 013e 28000000 		.4byte	.LVL1
 418 0142 34030000 		.4byte	0x334
 419 0146 51010000 		.4byte	0x151
 420 014a 0C       		.uleb128 0xc
 421 014b 01       		.uleb128 0x1
 422 014c 50       		.byte	0x50
 423 014d 02       		.uleb128 0x2
 424 014e 74       		.byte	0x74
 425 014f 00       		.sleb128 0
 426 0150 00       		.byte	0
 427 0151 0B       		.uleb128 0xb
 428 0152 3E000000 		.4byte	.LVL2
 429 0156 29030000 		.4byte	0x329
 430 015a 74010000 		.4byte	0x174
 431 015e 0C       		.uleb128 0xc
 432 015f 01       		.uleb128 0x1
 433 0160 50       		.byte	0x50
 434 0161 02       		.uleb128 0x2
 435 0162 74       		.byte	0x74
 436 0163 00       		.sleb128 0
 437 0164 0C       		.uleb128 0xc
 438 0165 01       		.uleb128 0x1
 439 0166 51       		.byte	0x51
 440 0167 01       		.uleb128 0x1
 441 0168 35       		.byte	0x35
 442 0169 0C       		.uleb128 0xc
 443 016a 01       		.uleb128 0x1
 444 016b 52       		.byte	0x52
 445 016c 01       		.uleb128 0x1
 446 016d 31       		.byte	0x31
 447 016e 0C       		.uleb128 0xc
 448 016f 01       		.uleb128 0x1
 449 0170 53       		.byte	0x53
 450 0171 01       		.uleb128 0x1
 451 0172 38       		.byte	0x38
 452 0173 00       		.byte	0
 453 0174 0B       		.uleb128 0xb
 454 0175 44000000 		.4byte	.LVL3
 455 0179 34030000 		.4byte	0x334
 456 017d 88010000 		.4byte	0x188
 457 0181 0C       		.uleb128 0xc
 458 0182 01       		.uleb128 0x1
 459 0183 50       		.byte	0x50
 460 0184 02       		.uleb128 0x2
 461 0185 74       		.byte	0x74
 462 0186 00       		.sleb128 0
 463 0187 00       		.byte	0
 464 0188 0B       		.uleb128 0xb
 465 0189 5A000000 		.4byte	.LVL4
 466 018d 29030000 		.4byte	0x329
 467 0191 AB010000 		.4byte	0x1ab
 468 0195 0C       		.uleb128 0xc
ARM GAS  C:\Users\Min\AppData\Local\Temp\ccKzU4r7.s 			page 11


 469 0196 01       		.uleb128 0x1
 470 0197 50       		.byte	0x50
 471 0198 02       		.uleb128 0x2
 472 0199 74       		.byte	0x74
 473 019a 00       		.sleb128 0
 474 019b 0C       		.uleb128 0xc
 475 019c 01       		.uleb128 0x1
 476 019d 51       		.byte	0x51
 477 019e 01       		.uleb128 0x1
 478 019f 35       		.byte	0x35
 479 01a0 0C       		.uleb128 0xc
 480 01a1 01       		.uleb128 0x1
 481 01a2 52       		.byte	0x52
 482 01a3 01       		.uleb128 0x1
 483 01a4 31       		.byte	0x31
 484 01a5 0C       		.uleb128 0xc
 485 01a6 01       		.uleb128 0x1
 486 01a7 53       		.byte	0x53
 487 01a8 01       		.uleb128 0x1
 488 01a9 40       		.byte	0x40
 489 01aa 00       		.byte	0
 490 01ab 0B       		.uleb128 0xb
 491 01ac 60000000 		.4byte	.LVL5
 492 01b0 34030000 		.4byte	0x334
 493 01b4 BF010000 		.4byte	0x1bf
 494 01b8 0C       		.uleb128 0xc
 495 01b9 01       		.uleb128 0x1
 496 01ba 50       		.byte	0x50
 497 01bb 02       		.uleb128 0x2
 498 01bc 74       		.byte	0x74
 499 01bd 00       		.sleb128 0
 500 01be 00       		.byte	0
 501 01bf 0B       		.uleb128 0xb
 502 01c0 76000000 		.4byte	.LVL6
 503 01c4 29030000 		.4byte	0x329
 504 01c8 E2010000 		.4byte	0x1e2
 505 01cc 0C       		.uleb128 0xc
 506 01cd 01       		.uleb128 0x1
 507 01ce 50       		.byte	0x50
 508 01cf 02       		.uleb128 0x2
 509 01d0 74       		.byte	0x74
 510 01d1 00       		.sleb128 0
 511 01d2 0C       		.uleb128 0xc
 512 01d3 01       		.uleb128 0x1
 513 01d4 51       		.byte	0x51
 514 01d5 01       		.uleb128 0x1
 515 01d6 35       		.byte	0x35
 516 01d7 0C       		.uleb128 0xc
 517 01d8 01       		.uleb128 0x1
 518 01d9 52       		.byte	0x52
 519 01da 01       		.uleb128 0x1
 520 01db 31       		.byte	0x31
 521 01dc 0C       		.uleb128 0xc
 522 01dd 01       		.uleb128 0x1
 523 01de 53       		.byte	0x53
 524 01df 01       		.uleb128 0x1
 525 01e0 3A       		.byte	0x3a
ARM GAS  C:\Users\Min\AppData\Local\Temp\ccKzU4r7.s 			page 12


 526 01e1 00       		.byte	0
 527 01e2 0B       		.uleb128 0xb
 528 01e3 7C000000 		.4byte	.LVL7
 529 01e7 34030000 		.4byte	0x334
 530 01eb F6010000 		.4byte	0x1f6
 531 01ef 0C       		.uleb128 0xc
 532 01f0 01       		.uleb128 0x1
 533 01f1 50       		.byte	0x50
 534 01f2 02       		.uleb128 0x2
 535 01f3 74       		.byte	0x74
 536 01f4 00       		.sleb128 0
 537 01f5 00       		.byte	0
 538 01f6 0B       		.uleb128 0xb
 539 01f7 92000000 		.4byte	.LVL8
 540 01fb 29030000 		.4byte	0x329
 541 01ff 19020000 		.4byte	0x219
 542 0203 0C       		.uleb128 0xc
 543 0204 01       		.uleb128 0x1
 544 0205 50       		.byte	0x50
 545 0206 02       		.uleb128 0x2
 546 0207 74       		.byte	0x74
 547 0208 00       		.sleb128 0
 548 0209 0C       		.uleb128 0xc
 549 020a 01       		.uleb128 0x1
 550 020b 51       		.byte	0x51
 551 020c 01       		.uleb128 0x1
 552 020d 35       		.byte	0x35
 553 020e 0C       		.uleb128 0xc
 554 020f 01       		.uleb128 0x1
 555 0210 52       		.byte	0x52
 556 0211 01       		.uleb128 0x1
 557 0212 31       		.byte	0x31
 558 0213 0C       		.uleb128 0xc
 559 0214 01       		.uleb128 0x1
 560 0215 53       		.byte	0x53
 561 0216 01       		.uleb128 0x1
 562 0217 39       		.byte	0x39
 563 0218 00       		.byte	0
 564 0219 0B       		.uleb128 0xb
 565 021a 98000000 		.4byte	.LVL9
 566 021e 34030000 		.4byte	0x334
 567 0222 2D020000 		.4byte	0x22d
 568 0226 0C       		.uleb128 0xc
 569 0227 01       		.uleb128 0x1
 570 0228 50       		.byte	0x50
 571 0229 02       		.uleb128 0x2
 572 022a 74       		.byte	0x74
 573 022b 00       		.sleb128 0
 574 022c 00       		.byte	0
 575 022d 0B       		.uleb128 0xb
 576 022e A6000000 		.4byte	.LVL10
 577 0232 3F030000 		.4byte	0x33f
 578 0236 44020000 		.4byte	0x244
 579 023a 0C       		.uleb128 0xc
 580 023b 01       		.uleb128 0x1
 581 023c 50       		.byte	0x50
 582 023d 05       		.uleb128 0x5
ARM GAS  C:\Users\Min\AppData\Local\Temp\ccKzU4r7.s 			page 13


 583 023e 03       		.byte	0x3
 584 023f 00000000 		.4byte	receive
 585 0243 00       		.byte	0
 586 0244 0B       		.uleb128 0xb
 587 0245 B0000000 		.4byte	.LVL11
 588 0249 4A030000 		.4byte	0x34a
 589 024d 5B020000 		.4byte	0x25b
 590 0251 0C       		.uleb128 0xc
 591 0252 01       		.uleb128 0x1
 592 0253 50       		.byte	0x50
 593 0254 05       		.uleb128 0x5
 594 0255 03       		.byte	0x3
 595 0256 00000000 		.4byte	receive
 596 025a 00       		.byte	0
 597 025b 0B       		.uleb128 0xb
 598 025c C2000000 		.4byte	.LVL12
 599 0260 4A030000 		.4byte	0x34a
 600 0264 72020000 		.4byte	0x272
 601 0268 0C       		.uleb128 0xc
 602 0269 01       		.uleb128 0x1
 603 026a 50       		.byte	0x50
 604 026b 05       		.uleb128 0x5
 605 026c 03       		.byte	0x3
 606 026d 00000000 		.4byte	receive
 607 0271 00       		.byte	0
 608 0272 0B       		.uleb128 0xb
 609 0273 D4000000 		.4byte	.LVL13
 610 0277 4A030000 		.4byte	0x34a
 611 027b 89020000 		.4byte	0x289
 612 027f 0C       		.uleb128 0xc
 613 0280 01       		.uleb128 0x1
 614 0281 50       		.byte	0x50
 615 0282 05       		.uleb128 0x5
 616 0283 03       		.byte	0x3
 617 0284 00000000 		.4byte	receive
 618 0288 00       		.byte	0
 619 0289 0B       		.uleb128 0xb
 620 028a E6000000 		.4byte	.LVL14
 621 028e 4A030000 		.4byte	0x34a
 622 0292 A0020000 		.4byte	0x2a0
 623 0296 0C       		.uleb128 0xc
 624 0297 01       		.uleb128 0x1
 625 0298 50       		.byte	0x50
 626 0299 05       		.uleb128 0x5
 627 029a 03       		.byte	0x3
 628 029b 00000000 		.4byte	receive
 629 029f 00       		.byte	0
 630 02a0 0D       		.uleb128 0xd
 631 02a1 F8000000 		.4byte	.LVL15
 632 02a5 4A030000 		.4byte	0x34a
 633 02a9 0C       		.uleb128 0xc
 634 02aa 01       		.uleb128 0x1
 635 02ab 50       		.byte	0x50
 636 02ac 05       		.uleb128 0x5
 637 02ad 03       		.byte	0x3
 638 02ae 00000000 		.4byte	receive
 639 02b2 00       		.byte	0
ARM GAS  C:\Users\Min\AppData\Local\Temp\ccKzU4r7.s 			page 14


 640 02b3 00       		.byte	0
 641 02b4 08       		.uleb128 0x8
 642 02b5 A5000000 		.4byte	0xa5
 643 02b9 C4020000 		.4byte	0x2c4
 644 02bd 09       		.uleb128 0x9
 645 02be B3000000 		.4byte	0xb3
 646 02c2 1F       		.byte	0x1f
 647 02c3 00       		.byte	0
 648 02c4 0E       		.uleb128 0xe
 649 02c5 3C020000 		.4byte	.LASF20
 650 02c9 05       		.byte	0x5
 651 02ca 15       		.byte	0x15
 652 02cb B4020000 		.4byte	0x2b4
 653 02cf 05       		.uleb128 0x5
 654 02d0 03       		.byte	0x3
 655 02d1 00000000 		.4byte	debugOutput
 656 02d5 0E       		.uleb128 0xe
 657 02d6 13010000 		.4byte	.LASF21
 658 02da 05       		.byte	0x5
 659 02db 18       		.byte	0x18
 660 02dc F6000000 		.4byte	0xf6
 661 02e0 05       		.uleb128 0x5
 662 02e1 03       		.byte	0x3
 663 02e2 00000000 		.4byte	send
 664 02e6 0E       		.uleb128 0xe
 665 02e7 20000000 		.4byte	.LASF22
 666 02eb 05       		.byte	0x5
 667 02ec 19       		.byte	0x19
 668 02ed F6000000 		.4byte	0xf6
 669 02f1 05       		.uleb128 0x5
 670 02f2 03       		.byte	0x3
 671 02f3 00000000 		.4byte	receive
 672 02f7 0E       		.uleb128 0xe
 673 02f8 0A000000 		.4byte	.LASF23
 674 02fc 05       		.byte	0x5
 675 02fd 31       		.byte	0x31
 676 02fe 73000000 		.4byte	0x73
 677 0302 05       		.uleb128 0x5
 678 0303 03       		.byte	0x3
 679 0304 00000000 		.4byte	state
 680 0308 08       		.uleb128 0x8
 681 0309 A5000000 		.4byte	0xa5
 682 030d 18030000 		.4byte	0x318
 683 0311 09       		.uleb128 0x9
 684 0312 B3000000 		.4byte	0xb3
 685 0316 03       		.byte	0x3
 686 0317 00       		.byte	0
 687 0318 0E       		.uleb128 0xe
 688 0319 10000000 		.4byte	.LASF24
 689 031d 05       		.byte	0x5
 690 031e 33       		.byte	0x33
 691 031f 08030000 		.4byte	0x308
 692 0323 05       		.uleb128 0x5
 693 0324 03       		.byte	0x3
 694 0325 00000000 		.4byte	txData
 695 0329 0F       		.uleb128 0xf
 696 032a F4010000 		.4byte	.LASF25
ARM GAS  C:\Users\Min\AppData\Local\Temp\ccKzU4r7.s 			page 15


 697 032e F4010000 		.4byte	.LASF25
 698 0332 06       		.byte	0x6
 699 0333 37       		.byte	0x37
 700 0334 0F       		.uleb128 0xf
 701 0335 4B000000 		.4byte	.LASF26
 702 0339 4B000000 		.4byte	.LASF26
 703 033d 07       		.byte	0x7
 704 033e 1C       		.byte	0x1c
 705 033f 0F       		.uleb128 0xf
 706 0340 28000000 		.4byte	.LASF27
 707 0344 28000000 		.4byte	.LASF27
 708 0348 07       		.byte	0x7
 709 0349 22       		.byte	0x22
 710 034a 0F       		.uleb128 0xf
 711 034b 28020000 		.4byte	.LASF28
 712 034f 28020000 		.4byte	.LASF28
 713 0353 06       		.byte	0x6
 714 0354 44       		.byte	0x44
 715 0355 00       		.byte	0
 716              		.section	.debug_abbrev,"",%progbits
 717              	.Ldebug_abbrev0:
 718 0000 01       		.uleb128 0x1
 719 0001 11       		.uleb128 0x11
 720 0002 01       		.byte	0x1
 721 0003 25       		.uleb128 0x25
 722 0004 0E       		.uleb128 0xe
 723 0005 13       		.uleb128 0x13
 724 0006 0B       		.uleb128 0xb
 725 0007 03       		.uleb128 0x3
 726 0008 0E       		.uleb128 0xe
 727 0009 1B       		.uleb128 0x1b
 728 000a 0E       		.uleb128 0xe
 729 000b 55       		.uleb128 0x55
 730 000c 17       		.uleb128 0x17
 731 000d 11       		.uleb128 0x11
 732 000e 01       		.uleb128 0x1
 733 000f 10       		.uleb128 0x10
 734 0010 17       		.uleb128 0x17
 735 0011 00       		.byte	0
 736 0012 00       		.byte	0
 737 0013 02       		.uleb128 0x2
 738 0014 24       		.uleb128 0x24
 739 0015 00       		.byte	0
 740 0016 0B       		.uleb128 0xb
 741 0017 0B       		.uleb128 0xb
 742 0018 3E       		.uleb128 0x3e
 743 0019 0B       		.uleb128 0xb
 744 001a 03       		.uleb128 0x3
 745 001b 0E       		.uleb128 0xe
 746 001c 00       		.byte	0
 747 001d 00       		.byte	0
 748 001e 03       		.uleb128 0x3
 749 001f 16       		.uleb128 0x16
 750 0020 00       		.byte	0
 751 0021 03       		.uleb128 0x3
 752 0022 0E       		.uleb128 0xe
 753 0023 3A       		.uleb128 0x3a
ARM GAS  C:\Users\Min\AppData\Local\Temp\ccKzU4r7.s 			page 16


 754 0024 0B       		.uleb128 0xb
 755 0025 3B       		.uleb128 0x3b
 756 0026 0B       		.uleb128 0xb
 757 0027 49       		.uleb128 0x49
 758 0028 13       		.uleb128 0x13
 759 0029 00       		.byte	0
 760 002a 00       		.byte	0
 761 002b 04       		.uleb128 0x4
 762 002c 24       		.uleb128 0x24
 763 002d 00       		.byte	0
 764 002e 0B       		.uleb128 0xb
 765 002f 0B       		.uleb128 0xb
 766 0030 3E       		.uleb128 0x3e
 767 0031 0B       		.uleb128 0xb
 768 0032 03       		.uleb128 0x3
 769 0033 08       		.uleb128 0x8
 770 0034 00       		.byte	0
 771 0035 00       		.byte	0
 772 0036 05       		.uleb128 0x5
 773 0037 13       		.uleb128 0x13
 774 0038 01       		.byte	0x1
 775 0039 0B       		.uleb128 0xb
 776 003a 0B       		.uleb128 0xb
 777 003b 3A       		.uleb128 0x3a
 778 003c 0B       		.uleb128 0xb
 779 003d 3B       		.uleb128 0x3b
 780 003e 0B       		.uleb128 0xb
 781 003f 01       		.uleb128 0x1
 782 0040 13       		.uleb128 0x13
 783 0041 00       		.byte	0
 784 0042 00       		.byte	0
 785 0043 06       		.uleb128 0x6
 786 0044 0D       		.uleb128 0xd
 787 0045 00       		.byte	0
 788 0046 03       		.uleb128 0x3
 789 0047 08       		.uleb128 0x8
 790 0048 3A       		.uleb128 0x3a
 791 0049 0B       		.uleb128 0xb
 792 004a 3B       		.uleb128 0x3b
 793 004b 0B       		.uleb128 0xb
 794 004c 49       		.uleb128 0x49
 795 004d 13       		.uleb128 0x13
 796 004e 38       		.uleb128 0x38
 797 004f 0B       		.uleb128 0xb
 798 0050 00       		.byte	0
 799 0051 00       		.byte	0
 800 0052 07       		.uleb128 0x7
 801 0053 0D       		.uleb128 0xd
 802 0054 00       		.byte	0
 803 0055 03       		.uleb128 0x3
 804 0056 0E       		.uleb128 0xe
 805 0057 3A       		.uleb128 0x3a
 806 0058 0B       		.uleb128 0xb
 807 0059 3B       		.uleb128 0x3b
 808 005a 0B       		.uleb128 0xb
 809 005b 49       		.uleb128 0x49
 810 005c 13       		.uleb128 0x13
ARM GAS  C:\Users\Min\AppData\Local\Temp\ccKzU4r7.s 			page 17


 811 005d 38       		.uleb128 0x38
 812 005e 0B       		.uleb128 0xb
 813 005f 00       		.byte	0
 814 0060 00       		.byte	0
 815 0061 08       		.uleb128 0x8
 816 0062 01       		.uleb128 0x1
 817 0063 01       		.byte	0x1
 818 0064 49       		.uleb128 0x49
 819 0065 13       		.uleb128 0x13
 820 0066 01       		.uleb128 0x1
 821 0067 13       		.uleb128 0x13
 822 0068 00       		.byte	0
 823 0069 00       		.byte	0
 824 006a 09       		.uleb128 0x9
 825 006b 21       		.uleb128 0x21
 826 006c 00       		.byte	0
 827 006d 49       		.uleb128 0x49
 828 006e 13       		.uleb128 0x13
 829 006f 2F       		.uleb128 0x2f
 830 0070 0B       		.uleb128 0xb
 831 0071 00       		.byte	0
 832 0072 00       		.byte	0
 833 0073 0A       		.uleb128 0xa
 834 0074 2E       		.uleb128 0x2e
 835 0075 01       		.byte	0x1
 836 0076 3F       		.uleb128 0x3f
 837 0077 19       		.uleb128 0x19
 838 0078 03       		.uleb128 0x3
 839 0079 0E       		.uleb128 0xe
 840 007a 3A       		.uleb128 0x3a
 841 007b 0B       		.uleb128 0xb
 842 007c 3B       		.uleb128 0x3b
 843 007d 0B       		.uleb128 0xb
 844 007e 27       		.uleb128 0x27
 845 007f 19       		.uleb128 0x19
 846 0080 49       		.uleb128 0x49
 847 0081 13       		.uleb128 0x13
 848 0082 8701     		.uleb128 0x87
 849 0084 19       		.uleb128 0x19
 850 0085 11       		.uleb128 0x11
 851 0086 01       		.uleb128 0x1
 852 0087 12       		.uleb128 0x12
 853 0088 06       		.uleb128 0x6
 854 0089 40       		.uleb128 0x40
 855 008a 18       		.uleb128 0x18
 856 008b 9742     		.uleb128 0x2117
 857 008d 19       		.uleb128 0x19
 858 008e 01       		.uleb128 0x1
 859 008f 13       		.uleb128 0x13
 860 0090 00       		.byte	0
 861 0091 00       		.byte	0
 862 0092 0B       		.uleb128 0xb
 863 0093 898201   		.uleb128 0x4109
 864 0096 01       		.byte	0x1
 865 0097 11       		.uleb128 0x11
 866 0098 01       		.uleb128 0x1
 867 0099 31       		.uleb128 0x31
ARM GAS  C:\Users\Min\AppData\Local\Temp\ccKzU4r7.s 			page 18


 868 009a 13       		.uleb128 0x13
 869 009b 01       		.uleb128 0x1
 870 009c 13       		.uleb128 0x13
 871 009d 00       		.byte	0
 872 009e 00       		.byte	0
 873 009f 0C       		.uleb128 0xc
 874 00a0 8A8201   		.uleb128 0x410a
 875 00a3 00       		.byte	0
 876 00a4 02       		.uleb128 0x2
 877 00a5 18       		.uleb128 0x18
 878 00a6 9142     		.uleb128 0x2111
 879 00a8 18       		.uleb128 0x18
 880 00a9 00       		.byte	0
 881 00aa 00       		.byte	0
 882 00ab 0D       		.uleb128 0xd
 883 00ac 898201   		.uleb128 0x4109
 884 00af 01       		.byte	0x1
 885 00b0 11       		.uleb128 0x11
 886 00b1 01       		.uleb128 0x1
 887 00b2 31       		.uleb128 0x31
 888 00b3 13       		.uleb128 0x13
 889 00b4 00       		.byte	0
 890 00b5 00       		.byte	0
 891 00b6 0E       		.uleb128 0xe
 892 00b7 34       		.uleb128 0x34
 893 00b8 00       		.byte	0
 894 00b9 03       		.uleb128 0x3
 895 00ba 0E       		.uleb128 0xe
 896 00bb 3A       		.uleb128 0x3a
 897 00bc 0B       		.uleb128 0xb
 898 00bd 3B       		.uleb128 0x3b
 899 00be 0B       		.uleb128 0xb
 900 00bf 49       		.uleb128 0x49
 901 00c0 13       		.uleb128 0x13
 902 00c1 3F       		.uleb128 0x3f
 903 00c2 19       		.uleb128 0x19
 904 00c3 02       		.uleb128 0x2
 905 00c4 18       		.uleb128 0x18
 906 00c5 00       		.byte	0
 907 00c6 00       		.byte	0
 908 00c7 0F       		.uleb128 0xf
 909 00c8 2E       		.uleb128 0x2e
 910 00c9 00       		.byte	0
 911 00ca 3F       		.uleb128 0x3f
 912 00cb 19       		.uleb128 0x19
 913 00cc 3C       		.uleb128 0x3c
 914 00cd 19       		.uleb128 0x19
 915 00ce 6E       		.uleb128 0x6e
 916 00cf 0E       		.uleb128 0xe
 917 00d0 03       		.uleb128 0x3
 918 00d1 0E       		.uleb128 0xe
 919 00d2 3A       		.uleb128 0x3a
 920 00d3 0B       		.uleb128 0xb
 921 00d4 3B       		.uleb128 0x3b
 922 00d5 0B       		.uleb128 0xb
 923 00d6 00       		.byte	0
 924 00d7 00       		.byte	0
ARM GAS  C:\Users\Min\AppData\Local\Temp\ccKzU4r7.s 			page 19


 925 00d8 00       		.byte	0
 926              		.section	.debug_aranges,"",%progbits
 927 0000 1C000000 		.4byte	0x1c
 928 0004 0200     		.2byte	0x2
 929 0006 00000000 		.4byte	.Ldebug_info0
 930 000a 04       		.byte	0x4
 931 000b 00       		.byte	0
 932 000c 0000     		.2byte	0
 933 000e 0000     		.2byte	0
 934 0010 00000000 		.4byte	.LFB35
 935 0014 14010000 		.4byte	.LFE35-.LFB35
 936 0018 00000000 		.4byte	0
 937 001c 00000000 		.4byte	0
 938              		.section	.debug_ranges,"",%progbits
 939              	.Ldebug_ranges0:
 940 0000 00000000 		.4byte	.LFB35
 941 0004 14010000 		.4byte	.LFE35
 942 0008 00000000 		.4byte	0
 943 000c 00000000 		.4byte	0
 944              		.section	.debug_line,"",%progbits
 945              	.Ldebug_line0:
 946 0000 92010000 		.section	.debug_str,"MS",%progbits,1
 946      02005A01 
 946      00000201 
 946      FB0E0D00 
 946      01010101 
 947              	.LASF3:
 948 0000 5F5F7569 		.ascii	"__uint8_t\000"
 948      6E74385F 
 948      7400
 949              	.LASF23:
 950 000a 73746174 		.ascii	"state\000"
 950      6500
 951              	.LASF24:
 952 0010 74784461 		.ascii	"txData\000"
 952      746100
 953              	.LASF6:
 954 0017 6C6F6E67 		.ascii	"long int\000"
 954      20696E74 
 954      00
 955              	.LASF22:
 956 0020 72656365 		.ascii	"receive\000"
 956      69766500 
 957              	.LASF27:
 958 0028 506F6C6C 		.ascii	"PollAndReceiveCANPacket\000"
 958      416E6452 
 958      65636569 
 958      76654341 
 958      4E506163 
 959              	.LASF13:
 960 0040 666C6F61 		.ascii	"float\000"
 960      7400
 961              	.LASF18:
 962 0046 64617461 		.ascii	"data\000"
 962      00
 963              	.LASF26:
 964 004b 53656E64 		.ascii	"SendCANPacket\000"
ARM GAS  C:\Users\Min\AppData\Local\Temp\ccKzU4r7.s 			page 20


 964      43414E50 
 964      61636B65 
 964      7400
 965              	.LASF1:
 966 0059 756E7369 		.ascii	"unsigned char\000"
 966      676E6564 
 966      20636861 
 966      7200
 967              	.LASF7:
 968 0067 6C6F6E67 		.ascii	"long unsigned int\000"
 968      20756E73 
 968      69676E65 
 968      6420696E 
 968      7400
 969              	.LASF5:
 970 0079 73686F72 		.ascii	"short unsigned int\000"
 970      7420756E 
 970      7369676E 
 970      65642069 
 970      6E7400
 971              	.LASF31:
 972 008c 433A5C55 		.ascii	"C:\\Users\\Min\\Documents\\PSoC Creator\\GPS_IMU\\G"
 972      73657273 
 972      5C4D696E 
 972      5C446F63 
 972      756D656E 
 973 00b9 50532D52 		.ascii	"PS-RTK_IMU_Board_PY2023\\GPS_IMU.cydsn\000"
 973      544B5F49 
 973      4D555F42 
 973      6F617264 
 973      5F505932 
 974              	.LASF4:
 975 00df 5F5F7569 		.ascii	"__uint16_t\000"
 975      6E743136 
 975      5F7400
 976              	.LASF14:
 977 00ea 646F7562 		.ascii	"double\000"
 977      6C6500
 978              	.LASF2:
 979 00f1 73686F72 		.ascii	"short int\000"
 979      7420696E 
 979      7400
 980              	.LASF32:
 981 00fb 6D61696E 		.ascii	"main\000"
 981      00
 982              	.LASF30:
 983 0100 494D552E 		.ascii	"IMU.c\000"
 983      6300
 984              	.LASF10:
 985 0106 756E7369 		.ascii	"unsigned int\000"
 985      676E6564 
 985      20696E74 
 985      00
 986              	.LASF21:
 987 0113 73656E64 		.ascii	"send\000"
 987      00
 988              	.LASF9:
ARM GAS  C:\Users\Min\AppData\Local\Temp\ccKzU4r7.s 			page 21


 989 0118 6C6F6E67 		.ascii	"long long unsigned int\000"
 989      206C6F6E 
 989      6720756E 
 989      7369676E 
 989      65642069 
 990              	.LASF11:
 991 012f 75696E74 		.ascii	"uint8_t\000"
 991      385F7400 
 992              	.LASF29:
 993 0137 474E5520 		.ascii	"GNU C11 5.4.1 20160609 (release) [ARM/embedded-5-br"
 993      43313120 
 993      352E342E 
 993      31203230 
 993      31363036 
 994 016a 616E6368 		.ascii	"anch revision 237715] -mcpu=cortex-m0 -mthumb -g -O"
 994      20726576 
 994      6973696F 
 994      6E203233 
 994      37373135 
 995 019d 67202D66 		.ascii	"g -ffunction-sections -ffat-lto-objects\000"
 995      66756E63 
 995      74696F6E 
 995      2D736563 
 995      74696F6E 
 996              	.LASF19:
 997 01c5 43414E50 		.ascii	"CANPacket\000"
 997      61636B65 
 997      7400
 998              	.LASF17:
 999 01cf 73697A65 		.ascii	"sizetype\000"
 999      74797065 
 999      00
 1000              	.LASF8:
 1001 01d8 6C6F6E67 		.ascii	"long long int\000"
 1001      206C6F6E 
 1001      6720696E 
 1001      7400
 1002              	.LASF15:
 1003 01e6 63686172 		.ascii	"char\000"
 1003      00
 1004              	.LASF12:
 1005 01eb 75696E74 		.ascii	"uint16_t\000"
 1005      31365F74 
 1005      00
 1006              	.LASF25:
 1007 01f4 41737365 		.ascii	"AssembleTelemetryPullPacket\000"
 1007      6D626C65 
 1007      54656C65 
 1007      6D657472 
 1007      7950756C 
 1008              	.LASF16:
 1009 0210 6C6F6E67 		.ascii	"long double\000"
 1009      20646F75 
 1009      626C6500 
 1010              	.LASF0:
 1011 021c 7369676E 		.ascii	"signed char\000"
 1011      65642063 
ARM GAS  C:\Users\Min\AppData\Local\Temp\ccKzU4r7.s 			page 22


 1011      68617200 
 1012              	.LASF28:
 1013 0228 4465636F 		.ascii	"DecodeTelemetryType\000"
 1013      64655465 
 1013      6C656D65 
 1013      74727954 
 1013      79706500 
 1014              	.LASF20:
 1015 023c 64656275 		.ascii	"debugOutput\000"
 1015      674F7574 
 1015      70757400 
 1016              		.ident	"GCC: (GNU Tools for ARM Embedded Processors) 5.4.1 20160609 (release) [ARM/embedded-5-bran
